<?xml version="1.0" encoding="UTF-8"?>
<testsuite name="com.linecorp.bot.model.event.MessageEventTest" tests="2" skipped="0" failures="0" errors="0" timestamp="2017-10-29T06:18:56" hostname="gaohuaxuandeMacBook-Air.local" time="0.019">
  <properties/>
  <testcase name="getMessageBinaryCompatibilityTest" classname="com.linecorp.bot.model.event.MessageEventTest" time="0.016"/>
  <testcase name="constructor2ndParameterBinaryCompatibilityTest" classname="com.linecorp.bot.model.event.MessageEventTest" time="0.003"/>
  <system-out><![CDATA[]]></system-out>
  <system-err><![CDATA[]]></system-err>
</testsuite>
