<?xml version="1.0" encoding="UTF-8"?>
<testsuite name="com.linecorp.bot.model.event.beacon.BeaconContentTest" tests="2" skipped="0" failures="0" errors="0" timestamp="2017-10-29T06:18:55" hostname="gaohuaxuandeMacBook-Air.local" time="0.017">
  <properties/>
  <testcase name="beaconContentEqualityTest" classname="com.linecorp.bot.model.event.beacon.BeaconContentTest" time="0.013"/>
  <testcase name="beaconContentArrayProtectedTest" classname="com.linecorp.bot.model.event.beacon.BeaconContentTest" time="0.004"/>
  <system-out><![CDATA[]]></system-out>
  <system-err><![CDATA[]]></system-err>
</testsuite>
