<?xml version="1.0" encoding="UTF-8"?>
<testsuite name="com.linecorp.bot.model.event.ReplyEventTest" tests="1" skipped="0" failures="0" errors="0" timestamp="2017-10-29T06:18:56" hostname="gaohuaxuandeMacBook-Air.local" time="0.265">
  <properties/>
  <testcase name="eventWithReplyTokenShouldBeImplementReplySupportTest" classname="com.linecorp.bot.model.event.ReplyEventTest" time="0.265"/>
  <system-out><![CDATA[14:18:56.137 [Test worker] DEBUG org.springframework.core.env.StandardEnvironment - Adding [systemProperties] PropertySource with lowest search precedence
14:18:56.148 [Test worker] DEBUG org.springframework.core.env.StandardEnvironment - Adding [systemEnvironment] PropertySource with lowest search precedence
14:18:56.150 [Test worker] DEBUG org.springframework.core.env.StandardEnvironment - Initialized StandardEnvironment with PropertySources [systemProperties,systemEnvironment]
14:18:56.168 [Test worker] DEBUG org.springframework.core.io.support.PathMatchingResourcePatternResolver - Resolved classpath location [com/linecorp/bot/model/event/] to resources [URL [file:/Users/albert/Desktop/Line-chatbot-for-COMP3111/line-bot-model/build/classes/test/com/linecorp/bot/model/event/], URL [file:/Users/albert/Desktop/Line-chatbot-for-COMP3111/line-bot-model/build/classes/main/com/linecorp/bot/model/event/]]
14:18:56.170 [Test worker] DEBUG org.springframework.core.io.support.PathMatchingResourcePatternResolver - Looking for matching resources in directory tree [/Users/albert/Desktop/Line-chatbot-for-COMP3111/line-bot-model/build/classes/test/com/linecorp/bot/model/event]
14:18:56.171 [Test worker] DEBUG org.springframework.core.io.support.PathMatchingResourcePatternResolver - Searching directory [/Users/albert/Desktop/Line-chatbot-for-COMP3111/line-bot-model/build/classes/test/com/linecorp/bot/model/event] for files matching pattern [/Users/albert/Desktop/Line-chatbot-for-COMP3111/line-bot-model/build/classes/test/com/linecorp/bot/model/event/**/*.class]
14:18:56.174 [Test worker] DEBUG org.springframework.core.io.support.PathMatchingResourcePatternResolver - Searching directory [/Users/albert/Desktop/Line-chatbot-for-COMP3111/line-bot-model/build/classes/test/com/linecorp/bot/model/event/beacon] for files matching pattern [/Users/albert/Desktop/Line-chatbot-for-COMP3111/line-bot-model/build/classes/test/com/linecorp/bot/model/event/**/*.class]
14:18:56.177 [Test worker] DEBUG org.springframework.core.io.support.PathMatchingResourcePatternResolver - Looking for matching resources in directory tree [/Users/albert/Desktop/Line-chatbot-for-COMP3111/line-bot-model/build/classes/main/com/linecorp/bot/model/event]
14:18:56.177 [Test worker] DEBUG org.springframework.core.io.support.PathMatchingResourcePatternResolver - Searching directory [/Users/albert/Desktop/Line-chatbot-for-COMP3111/line-bot-model/build/classes/main/com/linecorp/bot/model/event] for files matching pattern [/Users/albert/Desktop/Line-chatbot-for-COMP3111/line-bot-model/build/classes/main/com/linecorp/bot/model/event/**/*.class]
14:18:56.178 [Test worker] DEBUG org.springframework.core.io.support.PathMatchingResourcePatternResolver - Searching directory [/Users/albert/Desktop/Line-chatbot-for-COMP3111/line-bot-model/build/classes/main/com/linecorp/bot/model/event/beacon] for files matching pattern [/Users/albert/Desktop/Line-chatbot-for-COMP3111/line-bot-model/build/classes/main/com/linecorp/bot/model/event/**/*.class]
14:18:56.179 [Test worker] DEBUG org.springframework.core.io.support.PathMatchingResourcePatternResolver - Searching directory [/Users/albert/Desktop/Line-chatbot-for-COMP3111/line-bot-model/build/classes/main/com/linecorp/bot/model/event/message] for files matching pattern [/Users/albert/Desktop/Line-chatbot-for-COMP3111/line-bot-model/build/classes/main/com/linecorp/bot/model/event/**/*.class]
14:18:56.181 [Test worker] DEBUG org.springframework.core.io.support.PathMatchingResourcePatternResolver - Searching directory [/Users/albert/Desktop/Line-chatbot-for-COMP3111/line-bot-model/build/classes/main/com/linecorp/bot/model/event/postback] for files matching pattern [/Users/albert/Desktop/Line-chatbot-for-COMP3111/line-bot-model/build/classes/main/com/linecorp/bot/model/event/**/*.class]
14:18:56.182 [Test worker] DEBUG org.springframework.core.io.support.PathMatchingResourcePatternResolver - Searching directory [/Users/albert/Desktop/Line-chatbot-for-COMP3111/line-bot-model/build/classes/main/com/linecorp/bot/model/event/source] for files matching pattern [/Users/albert/Desktop/Line-chatbot-for-COMP3111/line-bot-model/build/classes/main/com/linecorp/bot/model/event/**/*.class]
14:18:56.185 [Test worker] DEBUG org.springframework.core.io.support.PathMatchingResourcePatternResolver - Resolved location pattern [classpath*:com/linecorp/bot/model/event/**/*.class] to resources [file [/Users/albert/Desktop/Line-chatbot-for-COMP3111/line-bot-model/build/classes/test/com/linecorp/bot/model/event/CallbackRequestTest$RequestTester.class], file [/Users/albert/Desktop/Line-chatbot-for-COMP3111/line-bot-model/build/classes/test/com/linecorp/bot/model/event/CallbackRequestTest.class], file [/Users/albert/Desktop/Line-chatbot-for-COMP3111/line-bot-model/build/classes/test/com/linecorp/bot/model/event/MessageEventTest.class], file [/Users/albert/Desktop/Line-chatbot-for-COMP3111/line-bot-model/build/classes/test/com/linecorp/bot/model/event/ReplyEventTest.class], file [/Users/albert/Desktop/Line-chatbot-for-COMP3111/line-bot-model/build/classes/test/com/linecorp/bot/model/event/beacon/BeaconContentTest.class], file [/Users/albert/Desktop/Line-chatbot-for-COMP3111/line-bot-model/build/classes/test/com/linecorp/bot/model/event/beacon/BeaconContentUtilTest.class], file [/Users/albert/Desktop/Line-chatbot-for-COMP3111/line-bot-model/build/classes/main/com/linecorp/bot/model/event/BeaconEvent.class], file [/Users/albert/Desktop/Line-chatbot-for-COMP3111/line-bot-model/build/classes/main/com/linecorp/bot/model/event/CallbackRequest.class], file [/Users/albert/Desktop/Line-chatbot-for-COMP3111/line-bot-model/build/classes/main/com/linecorp/bot/model/event/Event.class], file [/Users/albert/Desktop/Line-chatbot-for-COMP3111/line-bot-model/build/classes/main/com/linecorp/bot/model/event/FollowEvent.class], file [/Users/albert/Desktop/Line-chatbot-for-COMP3111/line-bot-model/build/classes/main/com/linecorp/bot/model/event/JoinEvent.class], file [/Users/albert/Desktop/Line-chatbot-for-COMP3111/line-bot-model/build/classes/main/com/linecorp/bot/model/event/LeaveEvent.class], file [/Users/albert/Desktop/Line-chatbot-for-COMP3111/line-bot-model/build/classes/main/com/linecorp/bot/model/event/MessageEvent.class], file [/Users/albert/Desktop/Line-chatbot-for-COMP3111/line-bot-model/build/classes/main/com/linecorp/bot/model/event/PostbackEvent.class], file [/Users/albert/Desktop/Line-chatbot-for-COMP3111/line-bot-model/build/classes/main/com/linecorp/bot/model/event/ReplyEvent.class], file [/Users/albert/Desktop/Line-chatbot-for-COMP3111/line-bot-model/build/classes/main/com/linecorp/bot/model/event/UnfollowEvent.class], file [/Users/albert/Desktop/Line-chatbot-for-COMP3111/line-bot-model/build/classes/main/com/linecorp/bot/model/event/UnknownEvent.class], file [/Users/albert/Desktop/Line-chatbot-for-COMP3111/line-bot-model/build/classes/main/com/linecorp/bot/model/event/beacon/BeaconContent.class], file [/Users/albert/Desktop/Line-chatbot-for-COMP3111/line-bot-model/build/classes/main/com/linecorp/bot/model/event/beacon/BeaconContentUtil.class], file [/Users/albert/Desktop/Line-chatbot-for-COMP3111/line-bot-model/build/classes/main/com/linecorp/bot/model/event/message/AudioMessageContent.class], file [/Users/albert/Desktop/Line-chatbot-for-COMP3111/line-bot-model/build/classes/main/com/linecorp/bot/model/event/message/FileMessageContent.class], file [/Users/albert/Desktop/Line-chatbot-for-COMP3111/line-bot-model/build/classes/main/com/linecorp/bot/model/event/message/ImageMessageContent.class], file [/Users/albert/Desktop/Line-chatbot-for-COMP3111/line-bot-model/build/classes/main/com/linecorp/bot/model/event/message/LocationMessageContent.class], file [/Users/albert/Desktop/Line-chatbot-for-COMP3111/line-bot-model/build/classes/main/com/linecorp/bot/model/event/message/MessageContent.class], file [/Users/albert/Desktop/Line-chatbot-for-COMP3111/line-bot-model/build/classes/main/com/linecorp/bot/model/event/message/StickerMessageContent.class], file [/Users/albert/Desktop/Line-chatbot-for-COMP3111/line-bot-model/build/classes/main/com/linecorp/bot/model/event/message/TextMessageContent.class], file [/Users/albert/Desktop/Line-chatbot-for-COMP3111/line-bot-model/build/classes/main/com/linecorp/bot/model/event/message/UnknownMessageContent.class], file [/Users/albert/Desktop/Line-chatbot-for-COMP3111/line-bot-model/build/classes/main/com/linecorp/bot/model/event/message/VideoMessageContent.class], file [/Users/albert/Desktop/Line-chatbot-for-COMP3111/line-bot-model/build/classes/main/com/linecorp/bot/model/event/postback/PostbackContent.class], file [/Users/albert/Desktop/Line-chatbot-for-COMP3111/line-bot-model/build/classes/main/com/linecorp/bot/model/event/source/GroupSource.class], file [/Users/albert/Desktop/Line-chatbot-for-COMP3111/line-bot-model/build/classes/main/com/linecorp/bot/model/event/source/RoomSource.class], file [/Users/albert/Desktop/Line-chatbot-for-COMP3111/line-bot-model/build/classes/main/com/linecorp/bot/model/event/source/Source.class], file [/Users/albert/Desktop/Line-chatbot-for-COMP3111/line-bot-model/build/classes/main/com/linecorp/bot/model/event/source/UnknownSource.class], file [/Users/albert/Desktop/Line-chatbot-for-COMP3111/line-bot-model/build/classes/main/com/linecorp/bot/model/event/source/UserSource.class]]
14:18:56.227 [Test worker] DEBUG org.springframework.context.annotation.ClassPathScanningCandidateComponentProvider - Ignored because not a concrete top-level class: file [/Users/albert/Desktop/Line-chatbot-for-COMP3111/line-bot-model/build/classes/test/com/linecorp/bot/model/event/CallbackRequestTest$RequestTester.class]
14:18:56.247 [Test worker] DEBUG org.springframework.context.annotation.ClassPathScanningCandidateComponentProvider - Identified candidate component class: file [/Users/albert/Desktop/Line-chatbot-for-COMP3111/line-bot-model/build/classes/test/com/linecorp/bot/model/event/CallbackRequestTest.class]
14:18:56.248 [Test worker] DEBUG org.springframework.context.annotation.ClassPathScanningCandidateComponentProvider - Identified candidate component class: file [/Users/albert/Desktop/Line-chatbot-for-COMP3111/line-bot-model/build/classes/test/com/linecorp/bot/model/event/MessageEventTest.class]
14:18:56.249 [Test worker] DEBUG org.springframework.context.annotation.ClassPathScanningCandidateComponentProvider - Identified candidate component class: file [/Users/albert/Desktop/Line-chatbot-for-COMP3111/line-bot-model/build/classes/test/com/linecorp/bot/model/event/ReplyEventTest.class]
14:18:56.250 [Test worker] DEBUG org.springframework.context.annotation.ClassPathScanningCandidateComponentProvider - Identified candidate component class: file [/Users/albert/Desktop/Line-chatbot-for-COMP3111/line-bot-model/build/classes/test/com/linecorp/bot/model/event/beacon/BeaconContentTest.class]
14:18:56.254 [Test worker] DEBUG org.springframework.context.annotation.ClassPathScanningCandidateComponentProvider - Identified candidate component class: file [/Users/albert/Desktop/Line-chatbot-for-COMP3111/line-bot-model/build/classes/test/com/linecorp/bot/model/event/beacon/BeaconContentUtilTest.class]
14:18:56.256 [Test worker] DEBUG org.springframework.context.annotation.ClassPathScanningCandidateComponentProvider - Identified candidate component class: file [/Users/albert/Desktop/Line-chatbot-for-COMP3111/line-bot-model/build/classes/main/com/linecorp/bot/model/event/BeaconEvent.class]
14:18:56.256 [Test worker] DEBUG org.springframework.context.annotation.ClassPathScanningCandidateComponentProvider - Identified candidate component class: file [/Users/albert/Desktop/Line-chatbot-for-COMP3111/line-bot-model/build/classes/main/com/linecorp/bot/model/event/CallbackRequest.class]
14:18:56.258 [Test worker] DEBUG org.springframework.context.annotation.ClassPathScanningCandidateComponentProvider - Ignored because not a concrete top-level class: file [/Users/albert/Desktop/Line-chatbot-for-COMP3111/line-bot-model/build/classes/main/com/linecorp/bot/model/event/Event.class]
14:18:56.261 [Test worker] DEBUG org.springframework.context.annotation.ClassPathScanningCandidateComponentProvider - Identified candidate component class: file [/Users/albert/Desktop/Line-chatbot-for-COMP3111/line-bot-model/build/classes/main/com/linecorp/bot/model/event/FollowEvent.class]
14:18:56.262 [Test worker] DEBUG org.springframework.context.annotation.ClassPathScanningCandidateComponentProvider - Identified candidate component class: file [/Users/albert/Desktop/Line-chatbot-for-COMP3111/line-bot-model/build/classes/main/com/linecorp/bot/model/event/JoinEvent.class]
14:18:56.268 [Test worker] DEBUG org.springframework.context.annotation.ClassPathScanningCandidateComponentProvider - Identified candidate component class: file [/Users/albert/Desktop/Line-chatbot-for-COMP3111/line-bot-model/build/classes/main/com/linecorp/bot/model/event/LeaveEvent.class]
14:18:56.271 [Test worker] DEBUG org.springframework.context.annotation.ClassPathScanningCandidateComponentProvider - Identified candidate component class: file [/Users/albert/Desktop/Line-chatbot-for-COMP3111/line-bot-model/build/classes/main/com/linecorp/bot/model/event/MessageEvent.class]
14:18:56.273 [Test worker] DEBUG org.springframework.context.annotation.ClassPathScanningCandidateComponentProvider - Identified candidate component class: file [/Users/albert/Desktop/Line-chatbot-for-COMP3111/line-bot-model/build/classes/main/com/linecorp/bot/model/event/PostbackEvent.class]
14:18:56.275 [Test worker] DEBUG org.springframework.context.annotation.ClassPathScanningCandidateComponentProvider - Ignored because not a concrete top-level class: file [/Users/albert/Desktop/Line-chatbot-for-COMP3111/line-bot-model/build/classes/main/com/linecorp/bot/model/event/ReplyEvent.class]
14:18:56.278 [Test worker] DEBUG org.springframework.context.annotation.ClassPathScanningCandidateComponentProvider - Identified candidate component class: file [/Users/albert/Desktop/Line-chatbot-for-COMP3111/line-bot-model/build/classes/main/com/linecorp/bot/model/event/UnfollowEvent.class]
14:18:56.287 [Test worker] DEBUG org.springframework.context.annotation.ClassPathScanningCandidateComponentProvider - Identified candidate component class: file [/Users/albert/Desktop/Line-chatbot-for-COMP3111/line-bot-model/build/classes/main/com/linecorp/bot/model/event/UnknownEvent.class]
14:18:56.296 [Test worker] DEBUG org.springframework.context.annotation.ClassPathScanningCandidateComponentProvider - Identified candidate component class: file [/Users/albert/Desktop/Line-chatbot-for-COMP3111/line-bot-model/build/classes/main/com/linecorp/bot/model/event/beacon/BeaconContent.class]
14:18:56.298 [Test worker] DEBUG org.springframework.context.annotation.ClassPathScanningCandidateComponentProvider - Identified candidate component class: file [/Users/albert/Desktop/Line-chatbot-for-COMP3111/line-bot-model/build/classes/main/com/linecorp/bot/model/event/beacon/BeaconContentUtil.class]
14:18:56.300 [Test worker] DEBUG org.springframework.context.annotation.ClassPathScanningCandidateComponentProvider - Identified candidate component class: file [/Users/albert/Desktop/Line-chatbot-for-COMP3111/line-bot-model/build/classes/main/com/linecorp/bot/model/event/message/AudioMessageContent.class]
14:18:56.304 [Test worker] DEBUG org.springframework.context.annotation.ClassPathScanningCandidateComponentProvider - Identified candidate component class: file [/Users/albert/Desktop/Line-chatbot-for-COMP3111/line-bot-model/build/classes/main/com/linecorp/bot/model/event/message/FileMessageContent.class]
14:18:56.308 [Test worker] DEBUG org.springframework.context.annotation.ClassPathScanningCandidateComponentProvider - Identified candidate component class: file [/Users/albert/Desktop/Line-chatbot-for-COMP3111/line-bot-model/build/classes/main/com/linecorp/bot/model/event/message/ImageMessageContent.class]
14:18:56.314 [Test worker] DEBUG org.springframework.context.annotation.ClassPathScanningCandidateComponentProvider - Identified candidate component class: file [/Users/albert/Desktop/Line-chatbot-for-COMP3111/line-bot-model/build/classes/main/com/linecorp/bot/model/event/message/LocationMessageContent.class]
14:18:56.316 [Test worker] DEBUG org.springframework.context.annotation.ClassPathScanningCandidateComponentProvider - Ignored because not a concrete top-level class: file [/Users/albert/Desktop/Line-chatbot-for-COMP3111/line-bot-model/build/classes/main/com/linecorp/bot/model/event/message/MessageContent.class]
14:18:56.317 [Test worker] DEBUG org.springframework.context.annotation.ClassPathScanningCandidateComponentProvider - Identified candidate component class: file [/Users/albert/Desktop/Line-chatbot-for-COMP3111/line-bot-model/build/classes/main/com/linecorp/bot/model/event/message/StickerMessageContent.class]
14:18:56.319 [Test worker] DEBUG org.springframework.context.annotation.ClassPathScanningCandidateComponentProvider - Identified candidate component class: file [/Users/albert/Desktop/Line-chatbot-for-COMP3111/line-bot-model/build/classes/main/com/linecorp/bot/model/event/message/TextMessageContent.class]
14:18:56.321 [Test worker] DEBUG org.springframework.context.annotation.ClassPathScanningCandidateComponentProvider - Identified candidate component class: file [/Users/albert/Desktop/Line-chatbot-for-COMP3111/line-bot-model/build/classes/main/com/linecorp/bot/model/event/message/UnknownMessageContent.class]
14:18:56.324 [Test worker] DEBUG org.springframework.context.annotation.ClassPathScanningCandidateComponentProvider - Identified candidate component class: file [/Users/albert/Desktop/Line-chatbot-for-COMP3111/line-bot-model/build/classes/main/com/linecorp/bot/model/event/message/VideoMessageContent.class]
14:18:56.329 [Test worker] DEBUG org.springframework.context.annotation.ClassPathScanningCandidateComponentProvider - Identified candidate component class: file [/Users/albert/Desktop/Line-chatbot-for-COMP3111/line-bot-model/build/classes/main/com/linecorp/bot/model/event/postback/PostbackContent.class]
14:18:56.333 [Test worker] DEBUG org.springframework.context.annotation.ClassPathScanningCandidateComponentProvider - Identified candidate component class: file [/Users/albert/Desktop/Line-chatbot-for-COMP3111/line-bot-model/build/classes/main/com/linecorp/bot/model/event/source/GroupSource.class]
14:18:56.335 [Test worker] DEBUG org.springframework.context.annotation.ClassPathScanningCandidateComponentProvider - Identified candidate component class: file [/Users/albert/Desktop/Line-chatbot-for-COMP3111/line-bot-model/build/classes/main/com/linecorp/bot/model/event/source/RoomSource.class]
14:18:56.340 [Test worker] DEBUG org.springframework.context.annotation.ClassPathScanningCandidateComponentProvider - Ignored because not a concrete top-level class: file [/Users/albert/Desktop/Line-chatbot-for-COMP3111/line-bot-model/build/classes/main/com/linecorp/bot/model/event/source/Source.class]
14:18:56.342 [Test worker] DEBUG org.springframework.context.annotation.ClassPathScanningCandidateComponentProvider - Identified candidate component class: file [/Users/albert/Desktop/Line-chatbot-for-COMP3111/line-bot-model/build/classes/main/com/linecorp/bot/model/event/source/UnknownSource.class]
14:18:56.344 [Test worker] DEBUG org.springframework.context.annotation.ClassPathScanningCandidateComponentProvider - Identified candidate component class: file [/Users/albert/Desktop/Line-chatbot-for-COMP3111/line-bot-model/build/classes/main/com/linecorp/bot/model/event/source/UserSource.class]
14:18:56.373 [Test worker] INFO com.linecorp.bot.model.event.ReplyEventTest - eventClasses = [class com.linecorp.bot.model.event.BeaconEvent, class com.linecorp.bot.model.event.FollowEvent, class com.linecorp.bot.model.event.JoinEvent, class com.linecorp.bot.model.event.LeaveEvent, class com.linecorp.bot.model.event.MessageEvent, class com.linecorp.bot.model.event.PostbackEvent, class com.linecorp.bot.model.event.UnfollowEvent, class com.linecorp.bot.model.event.UnknownEvent]
]]></system-out>
  <system-err><![CDATA[]]></system-err>
</testsuite>
