<?xml version="1.0" encoding="UTF-8"?>
<testsuite name="com.linecorp.bot.client.FixedChannelTokenSupplierTest" tests="2" skipped="0" failures="0" errors="0" timestamp="2017-10-29T06:18:45" hostname="gaohuaxuandeMacBook-Air.local" time="0.005">
  <properties/>
  <testcase name="constructedInstanceAlwaysNonNullTest" classname="com.linecorp.bot.client.FixedChannelTokenSupplierTest" time="0.0"/>
  <testcase name="getTest" classname="com.linecorp.bot.client.FixedChannelTokenSupplierTest" time="0.004"/>
  <system-out><![CDATA[]]></system-out>
  <system-err><![CDATA[]]></system-err>
</testsuite>
