<?xml version="1.0" encoding="UTF-8"?>
<testsuite name="com.linecorp.bot.client.LineMessagingServiceTest" tests="1" skipped="0" failures="0" errors="0" timestamp="2017-10-29T06:18:46" hostname="gaohuaxuandeMacBook-Air.local" time="0.018">
  <properties/>
  <testcase name="relativeRequestTest" classname="com.linecorp.bot.client.LineMessagingServiceTest" time="0.018"/>
  <system-out><![CDATA[14:18:46.481 [MockWebServer 49778] INFO okhttp3.mockwebserver.MockWebServer - MockWebServer[49778] starting to accept connections
14:18:46.489 [Test worker] INFO com.linecorp.bot.client.wire - --> GET http://localhost:49778/CanContainsRelative/v2/bot/profile/USER_TOKEN http/1.1
14:18:46.489 [Test worker] INFO com.linecorp.bot.client.wire - Authorization: Bearer SECRET
14:18:46.489 [Test worker] INFO com.linecorp.bot.client.wire - User-Agent: line-botsdk-java/null
14:18:46.489 [Test worker] INFO com.linecorp.bot.client.wire - --> END GET
14:18:46.491 [MockWebServer /127.0.0.1:49779] INFO okhttp3.mockwebserver.MockWebServer - MockWebServer[49778] received request: GET /CanContainsRelative/v2/bot/profile/USER_TOKEN HTTP/1.1 and responded: HTTP/1.1 200 OK
14:18:46.491 [Test worker] INFO com.linecorp.bot.client.wire - <-- 200 OK http://localhost:49778/CanContainsRelative/v2/bot/profile/USER_TOKEN (1ms)
14:18:46.491 [Test worker] INFO com.linecorp.bot.client.wire - Content-Length: 116
14:18:46.491 [Test worker] INFO com.linecorp.bot.client.wire - 
14:18:46.491 [Test worker] INFO com.linecorp.bot.client.wire - {"displayName":"name","userId":"userId","pictureUrl":"https://line.me/picture_url","statusMessage":"Status message"}
14:18:46.492 [Test worker] INFO com.linecorp.bot.client.wire - <-- END HTTP (116-byte body)
14:18:46.497 [MockWebServer 49778] INFO okhttp3.mockwebserver.MockWebServer - MockWebServer[49778] done accepting connections: Socket closed
]]></system-out>
  <system-err><![CDATA[]]></system-err>
</testsuite>
