<?xml version="1.0" encoding="UTF-8"?>
<testsuite name="com.linecorp.bot.client.LineMessagingClientImplWiremockTest" tests="5" skipped="0" failures="0" errors="0" timestamp="2017-10-29T06:18:46" hostname="gaohuaxuandeMacBook-Air.local" time="0.09">
  <properties/>
  <testcase name="status500InternalServerErrorTest" classname="com.linecorp.bot.client.LineMessagingClientImplWiremockTest" time="0.042"/>
  <testcase name="status403ForbiddenTest" classname="com.linecorp.bot.client.LineMessagingClientImplWiremockTest" time="0.011"/>
  <testcase name="status401UnauthorizedTest" classname="com.linecorp.bot.client.LineMessagingClientImplWiremockTest" time="0.013"/>
  <testcase name="status400BadRequestTest" classname="com.linecorp.bot.client.LineMessagingClientImplWiremockTest" time="0.01"/>
  <testcase name="status429TooManyRequestsTest" classname="com.linecorp.bot.client.LineMessagingClientImplWiremockTest" time="0.013"/>
  <system-out><![CDATA[14:18:46.414 [OkHttp http://localhost:49768/...] INFO com.linecorp.bot.client.wire - --> GET http://localhost:49768/v2/bot/message/TOKEN/content http/1.1
14:18:46.415 [OkHttp http://localhost:49768/...] INFO com.linecorp.bot.client.wire - Authorization: Bearer token
14:18:46.415 [OkHttp http://localhost:49768/...] INFO com.linecorp.bot.client.wire - User-Agent: line-botsdk-java/null
14:18:46.415 [OkHttp http://localhost:49768/...] INFO com.linecorp.bot.client.wire - --> END GET
14:18:46.421 [OkHttp http://localhost:49768/...] INFO com.linecorp.bot.client.wire - <-- 500 Server Error http://localhost:49768/v2/bot/message/TOKEN/content (5ms)
14:18:46.421 [OkHttp http://localhost:49768/...] INFO com.linecorp.bot.client.wire - Content-Length: 55
14:18:46.421 [OkHttp http://localhost:49768/...] INFO com.linecorp.bot.client.wire - 
14:18:46.422 [OkHttp http://localhost:49768/...] INFO com.linecorp.bot.client.wire - {"message":"Error on the internal server","details":[]}
14:18:46.422 [OkHttp http://localhost:49768/...] INFO com.linecorp.bot.client.wire - <-- END HTTP (55-byte body)
14:18:46.434 [OkHttp http://localhost:49770/...] INFO com.linecorp.bot.client.wire - --> GET http://localhost:49770/v2/bot/message/TOKEN/content http/1.1
14:18:46.434 [OkHttp http://localhost:49770/...] INFO com.linecorp.bot.client.wire - Authorization: Bearer token
14:18:46.434 [OkHttp http://localhost:49770/...] INFO com.linecorp.bot.client.wire - User-Agent: line-botsdk-java/null
14:18:46.435 [OkHttp http://localhost:49770/...] INFO com.linecorp.bot.client.wire - --> END GET
14:18:46.436 [OkHttp http://localhost:49770/...] INFO com.linecorp.bot.client.wire - <-- 403 Client Error http://localhost:49770/v2/bot/message/TOKEN/content (1ms)
14:18:46.437 [OkHttp http://localhost:49770/...] INFO com.linecorp.bot.client.wire - Content-Length: 57
14:18:46.437 [OkHttp http://localhost:49770/...] INFO com.linecorp.bot.client.wire - 
14:18:46.437 [OkHttp http://localhost:49770/...] INFO com.linecorp.bot.client.wire - {"message":"Not authorized to use the API.","details":[]}
14:18:46.437 [OkHttp http://localhost:49770/...] INFO com.linecorp.bot.client.wire - <-- END HTTP (57-byte body)
14:18:46.447 [OkHttp http://localhost:49772/...] INFO com.linecorp.bot.client.wire - --> GET http://localhost:49772/v2/bot/message/TOKEN/content http/1.1
14:18:46.448 [OkHttp http://localhost:49772/...] INFO com.linecorp.bot.client.wire - Authorization: Bearer token
14:18:46.448 [OkHttp http://localhost:49772/...] INFO com.linecorp.bot.client.wire - User-Agent: line-botsdk-java/null
14:18:46.448 [OkHttp http://localhost:49772/...] INFO com.linecorp.bot.client.wire - --> END GET
14:18:46.450 [OkHttp http://localhost:49772/...] INFO com.linecorp.bot.client.wire - <-- 401 Client Error http://localhost:49772/v2/bot/message/TOKEN/content (1ms)
14:18:46.450 [OkHttp http://localhost:49772/...] INFO com.linecorp.bot.client.wire - Content-Length: 70
14:18:46.450 [OkHttp http://localhost:49772/...] INFO com.linecorp.bot.client.wire - 
14:18:46.450 [OkHttp http://localhost:49772/...] INFO com.linecorp.bot.client.wire - {"message":"Valid Channel access token is not specified","details":[]}
14:18:46.451 [OkHttp http://localhost:49772/...] INFO com.linecorp.bot.client.wire - <-- END HTTP (70-byte body)
14:18:46.458 [OkHttp http://localhost:49774/...] INFO com.linecorp.bot.client.wire - --> GET http://localhost:49774/v2/bot/message/TOKEN/content http/1.1
14:18:46.459 [OkHttp http://localhost:49774/...] INFO com.linecorp.bot.client.wire - Authorization: Bearer token
14:18:46.459 [OkHttp http://localhost:49774/...] INFO com.linecorp.bot.client.wire - User-Agent: line-botsdk-java/null
14:18:46.459 [OkHttp http://localhost:49774/...] INFO com.linecorp.bot.client.wire - --> END GET
14:18:46.461 [OkHttp http://localhost:49774/...] INFO com.linecorp.bot.client.wire - <-- 400 Client Error http://localhost:49774/v2/bot/message/TOKEN/content (1ms)
14:18:46.461 [OkHttp http://localhost:49774/...] INFO com.linecorp.bot.client.wire - Content-Length: 51
14:18:46.461 [OkHttp http://localhost:49774/...] INFO com.linecorp.bot.client.wire - 
14:18:46.461 [OkHttp http://localhost:49774/...] INFO com.linecorp.bot.client.wire - {"message":"Problem with the request","details":[]}
14:18:46.462 [OkHttp http://localhost:49774/...] INFO com.linecorp.bot.client.wire - <-- END HTTP (51-byte body)
14:18:46.471 [OkHttp http://localhost:49776/...] INFO com.linecorp.bot.client.wire - --> GET http://localhost:49776/v2/bot/message/TOKEN/content http/1.1
14:18:46.472 [OkHttp http://localhost:49776/...] INFO com.linecorp.bot.client.wire - Authorization: Bearer token
14:18:46.472 [OkHttp http://localhost:49776/...] INFO com.linecorp.bot.client.wire - User-Agent: line-botsdk-java/null
14:18:46.472 [OkHttp http://localhost:49776/...] INFO com.linecorp.bot.client.wire - --> END GET
14:18:46.474 [OkHttp http://localhost:49776/...] INFO com.linecorp.bot.client.wire - <-- 429 Client Error http://localhost:49776/v2/bot/message/TOKEN/content (1ms)
14:18:46.474 [OkHttp http://localhost:49776/...] INFO com.linecorp.bot.client.wire - Content-Length: 64
14:18:46.474 [OkHttp http://localhost:49776/...] INFO com.linecorp.bot.client.wire - 
14:18:46.474 [OkHttp http://localhost:49776/...] INFO com.linecorp.bot.client.wire - {"message":"Exceeded the rate limit for API calls","details":[]}
14:18:46.474 [OkHttp http://localhost:49776/...] INFO com.linecorp.bot.client.wire - <-- END HTTP (64-byte body)
]]></system-out>
  <system-err><![CDATA[]]></system-err>
</testsuite>
