<?xml version="1.0" encoding="UTF-8"?>
<testsuite name="com.linecorp.bot.client.LineMessagingClientImplTest" tests="7" skipped="0" failures="0" errors="0" timestamp="2017-10-29T06:18:46" hostname="gaohuaxuandeMacBook-Air.local" time="0.076">
  <properties/>
  <testcase name="getProfileTest" classname="com.linecorp.bot.client.LineMessagingClientImplTest" time="0.053"/>
  <testcase name="pushMessageTest" classname="com.linecorp.bot.client.LineMessagingClientImplTest" time="0.002"/>
  <testcase name="leaveRoomTest" classname="com.linecorp.bot.client.LineMessagingClientImplTest" time="0.002"/>
  <testcase name="replyMessageTest" classname="com.linecorp.bot.client.LineMessagingClientImplTest" time="0.002"/>
  <testcase name="getMessageContentTest" classname="com.linecorp.bot.client.LineMessagingClientImplTest" time="0.005"/>
  <testcase name="multicastTest" classname="com.linecorp.bot.client.LineMessagingClientImplTest" time="0.002"/>
  <testcase name="leaveGroupTest" classname="com.linecorp.bot.client.LineMessagingClientImplTest" time="0.006"/>
  <system-out><![CDATA[14:18:46.289 [OkHttp http://localhost:49763/...] INFO com.linecorp.bot.client.wire - <-- HTTP FAILED: java.net.ConnectException: Failed to connect to localhost/0:0:0:0:0:0:0:1:49763
]]></system-out>
  <system-err><![CDATA[]]></system-err>
</testsuite>
